<?xml version="1.0" encoding="UTF-8"?>
<testng-results ignored="0" total="4" passed="4" failed="0" skipped="0">
  <reporter-output>
  </reporter-output>
  <suite started-at="2024-03-06T23:07:19 IST" name="Default suite" finished-at="2024-03-06T23:08:06 IST" duration-ms="47406">
    <groups>
      <group name="purchase">
        <method signature="end_to_end.submitOrder(java.util.HashMap)[pri:0, instance:Selenium.Tests.end_to_end@21282ed8]" name="submitOrder" class="Selenium.Tests.end_to_end"/>
      </group> <!-- purchase -->
    </groups>
    <test started-at="2024-03-06T23:07:19 IST" name="Default test" finished-at="2024-03-06T23:08:06 IST" duration-ms="47406">
      <class name="Selenium.Tests.end_to_end">
        <test-method is-config="true" signature="Launch()[pri:0, instance:Selenium.Tests.end_to_end@21282ed8]" started-at="2024-03-06T23:07:19 IST" name="Launch" finished-at="2024-03-06T23:07:29 IST" duration-ms="10273" status="PASS">
          <reporter-output>
          </reporter-output>
        </test-method> <!-- Launch -->
        <test-method signature="submitOrder(java.util.HashMap)[pri:0, instance:Selenium.Tests.end_to_end@21282ed8]" started-at="2024-03-06T23:07:29 IST" name="submitOrder" data-provider="data" finished-at="2024-03-06T23:07:38 IST" duration-ms="8737" status="PASS">
          <params>
            <param index="0">
              <value>
                <![CDATA[{p1=IPHONE 13 PRO, p2=ADIDAS ORIGINAL, psw=Cc_12345, email=ketan@gmaill.com}]]>
              </value>
            </param>
          </params>
          <reporter-output>
          </reporter-output>
        </test-method> <!-- submitOrder -->
        <test-method is-config="true" signature="closure()[pri:0, instance:Selenium.Tests.end_to_end@21282ed8]" started-at="2024-03-06T23:07:38 IST" name="closure" finished-at="2024-03-06T23:07:38 IST" duration-ms="191" status="PASS">
          <reporter-output>
          </reporter-output>
        </test-method> <!-- closure -->
        <test-method is-config="true" signature="Launch()[pri:0, instance:Selenium.Tests.end_to_end@21282ed8]" started-at="2024-03-06T23:07:38 IST" name="Launch" finished-at="2024-03-06T23:07:45 IST" duration-ms="6867" status="PASS">
          <reporter-output>
          </reporter-output>
        </test-method> <!-- Launch -->
        <test-method signature="submitOrder(java.util.HashMap)[pri:0, instance:Selenium.Tests.end_to_end@21282ed8]" started-at="2024-03-06T23:07:45 IST" name="submitOrder" data-provider="data" finished-at="2024-03-06T23:07:52 IST" duration-ms="6652" status="PASS">
          <params>
            <param index="0">
              <value>
                <![CDATA[{p1=ADIDAS ORIGINAL, p2=ZARA COAT 3, psw=Cc_123456, email=chetan1@gmail.com}]]>
              </value>
            </param>
          </params>
          <reporter-output>
          </reporter-output>
        </test-method> <!-- submitOrder -->
        <test-method is-config="true" signature="closure()[pri:0, instance:Selenium.Tests.end_to_end@21282ed8]" started-at="2024-03-06T23:07:52 IST" name="closure" finished-at="2024-03-06T23:07:52 IST" duration-ms="160" status="PASS">
          <reporter-output>
          </reporter-output>
        </test-method> <!-- closure -->
        <test-method is-config="true" signature="Launch()[pri:0, instance:Selenium.Tests.end_to_end@21282ed8]" started-at="2024-03-06T23:07:52 IST" name="Launch" finished-at="2024-03-06T23:07:55 IST" duration-ms="3006" status="PASS">
          <reporter-output>
          </reporter-output>
        </test-method> <!-- Launch -->
        <test-method signature="OrderHistory(java.util.HashMap)[pri:0, instance:Selenium.Tests.end_to_end@21282ed8]" started-at="2024-03-06T23:07:55 IST" name="OrderHistory" data-provider="data" finished-at="2024-03-06T23:07:56 IST" depends-on-methods="Selenium.Tests.end_to_end.submitOrder" duration-ms="1547" status="PASS">
          <params>
            <param index="0">
              <value>
                <![CDATA[{p1=IPHONE 13 PRO, p2=ADIDAS ORIGINAL, psw=Cc_12345, email=ketan@gmaill.com}]]>
              </value>
            </param>
          </params>
          <reporter-output>
          </reporter-output>
        </test-method> <!-- OrderHistory -->
        <test-method is-config="true" signature="closure()[pri:0, instance:Selenium.Tests.end_to_end@21282ed8]" started-at="2024-03-06T23:07:56 IST" name="closure" finished-at="2024-03-06T23:07:57 IST" duration-ms="137" status="PASS">
          <reporter-output>
          </reporter-output>
        </test-method> <!-- closure -->
        <test-method is-config="true" signature="Launch()[pri:0, instance:Selenium.Tests.end_to_end@21282ed8]" started-at="2024-03-06T23:07:57 IST" name="Launch" finished-at="2024-03-06T23:08:04 IST" duration-ms="7875" status="PASS">
          <reporter-output>
          </reporter-output>
        </test-method> <!-- Launch -->
        <test-method signature="OrderHistory(java.util.HashMap)[pri:0, instance:Selenium.Tests.end_to_end@21282ed8]" started-at="2024-03-06T23:08:04 IST" name="OrderHistory" data-provider="data" finished-at="2024-03-06T23:08:06 IST" depends-on-methods="Selenium.Tests.end_to_end.submitOrder" duration-ms="1506" status="PASS">
          <params>
            <param index="0">
              <value>
                <![CDATA[{p1=ADIDAS ORIGINAL, p2=ZARA COAT 3, psw=Cc_123456, email=chetan1@gmail.com}]]>
              </value>
            </param>
          </params>
          <reporter-output>
          </reporter-output>
        </test-method> <!-- OrderHistory -->
        <test-method is-config="true" signature="closure()[pri:0, instance:Selenium.Tests.end_to_end@21282ed8]" started-at="2024-03-06T23:08:06 IST" name="closure" finished-at="2024-03-06T23:08:06 IST" duration-ms="160" status="PASS">
          <reporter-output>
          </reporter-output>
        </test-method> <!-- closure -->
      </class> <!-- Selenium.Tests.end_to_end -->
    </test> <!-- Default test -->
  </suite> <!-- Default suite -->
</testng-results>
