<?xml version="1.0" encoding="UTF-8"?>
<!-- Generated by org.testng.reporters.JUnitXMLReporter -->
<testsuite ignored="0" hostname="Ketan" failures="0" tests="4" name="end_to_end" time="35.231" errors="0" timestamp="2024-02-26T15:15:34 IST">
  <testcase classname="Selenium.Tests.end_to_end" name="submitOrder" time="8.141"/>
  <testcase classname="Selenium.Tests.end_to_end" name="submitOrder" time="7.529"/>
  <testcase classname="Selenium.Tests.end_to_end" name="OrderHistory" time="1.507"/>
  <testcase classname="Selenium.Tests.end_to_end" name="OrderHistory" time="1.439"/>
</testsuite> <!-- end_to_end -->
