<?xml version="1.0" encoding="UTF-8"?>
<testng-results ignored="0" total="3" passed="3" failed="0" skipped="0">
  <reporter-output>
  </reporter-output>
  <suite started-at="2024-03-21T00:21:50 IST" name="Suite" finished-at="2024-03-21T00:22:03 IST" duration-ms="13889">
    <groups>
    </groups>
    <test started-at="2024-03-21T00:21:50 IST" name="Nested" finished-at="2024-03-21T00:21:56 IST" duration-ms="6271">
      <class name="Framework.Tests.nestedF">
        <test-method is-config="true" signature="Launch2()[pri:0, instance:Framework.Tests.nestedF@4eb386df]" started-at="2024-03-21T00:21:50 IST" name="Launch2" finished-at="2024-03-21T00:21:54 IST" duration-ms="4763" status="PASS">
          <reporter-output>
          </reporter-output>
        </test-method> <!-- Launch2 -->
        <test-method signature="MethodSecond()[pri:0, instance:Framework.Tests.nestedF@4eb386df]" started-at="2024-03-21T00:21:54 IST" name="MethodSecond" finished-at="2024-03-21T00:21:54 IST" duration-ms="100" status="PASS">
          <reporter-output>
          </reporter-output>
        </test-method> <!-- MethodSecond -->
        <test-method is-config="true" signature="closure()[pri:0, instance:Framework.Tests.nestedF@4eb386df]" started-at="2024-03-21T00:21:54 IST" name="closure" finished-at="2024-03-21T00:21:56 IST" duration-ms="1358" status="PASS">
          <reporter-output>
          </reporter-output>
        </test-method> <!-- closure -->
      </class> <!-- Framework.Tests.nestedF -->
    </test> <!-- Nested -->
    <test started-at="2024-03-21T00:21:50 IST" name="DragNDrop" finished-at="2024-03-21T00:21:56 IST" duration-ms="6073">
      <class name="Framework.Tests.MainTest">
        <test-method is-config="true" signature="Launch1()[pri:0, instance:Framework.Tests.MainTest@64c63c79]" started-at="2024-03-21T00:21:50 IST" name="Launch1" finished-at="2024-03-21T00:21:53 IST" duration-ms="3782" status="PASS">
          <reporter-output>
          </reporter-output>
        </test-method> <!-- Launch1 -->
        <test-method signature="funtionFirst()[pri:0, instance:Framework.Tests.MainTest@64c63c79]" started-at="2024-03-21T00:21:53 IST" name="funtionFirst" finished-at="2024-03-21T00:21:54 IST" duration-ms="463" status="PASS">
          <reporter-output>
          </reporter-output>
        </test-method> <!-- funtionFirst -->
        <test-method is-config="true" signature="closure()[pri:0, instance:Framework.Tests.MainTest@64c63c79]" started-at="2024-03-21T00:21:54 IST" name="closure" finished-at="2024-03-21T00:21:56 IST" duration-ms="1759" status="PASS">
          <reporter-output>
          </reporter-output>
        </test-method> <!-- closure -->
      </class> <!-- Framework.Tests.MainTest -->
    </test> <!-- DragNDrop -->
    <test started-at="2024-03-21T00:21:50 IST" name="Iframe" finished-at="2024-03-21T00:22:03 IST" duration-ms="13889">
      <class name="Framework.Tests.Iframe">
        <test-method is-config="true" signature="Launch3()[pri:0, instance:Framework.Tests.Iframe@289710d9]" started-at="2024-03-21T00:21:50 IST" name="Launch3" finished-at="2024-03-21T00:22:03 IST" duration-ms="13134" status="PASS">
          <reporter-output>
          </reporter-output>
        </test-method> <!-- Launch3 -->
        <test-method signature="MethodThird()[pri:0, instance:Framework.Tests.Iframe@289710d9]" started-at="2024-03-21T00:22:03 IST" name="MethodThird" finished-at="2024-03-21T00:22:03 IST" duration-ms="499" status="PASS">
          <reporter-output>
          </reporter-output>
        </test-method> <!-- MethodThird -->
        <test-method is-config="true" signature="closure()[pri:0, instance:Framework.Tests.Iframe@289710d9]" started-at="2024-03-21T00:22:03 IST" name="closure" finished-at="2024-03-21T00:22:03 IST" duration-ms="202" status="PASS">
          <reporter-output>
          </reporter-output>
        </test-method> <!-- closure -->
      </class> <!-- Framework.Tests.Iframe -->
    </test> <!-- Iframe -->
  </suite> <!-- Suite -->
</testng-results>
