<?xml version="1.0" encoding="UTF-8"?>
<!-- Generated by org.testng.reporters.JUnitXMLReporter -->
<testsuite ignored="0" hostname="Ketan" failures="0" tests="4" name="Default test" time="47.406" errors="0" timestamp="2024-03-06T23:08:06 IST">
  <testcase classname="Selenium.Tests.end_to_end" name="submitOrder" time="8.737"/>
  <testcase classname="Selenium.Tests.end_to_end" name="submitOrder" time="6.652"/>
  <testcase classname="Selenium.Tests.end_to_end" name="OrderHistory" time="1.547"/>
  <testcase classname="Selenium.Tests.end_to_end" name="OrderHistory" time="1.506"/>
</testsuite> <!-- Default test -->
